  复制了 3 个文件
  auxiliar.c
  buffer.c
  except.c
  inet.c
  io.c
  luasocket.c
  luasocket_scripts.c
  mime.c
  options.c
  select.c
..\..\..\..\external\lua\luasocket\inet.c(254): warning C4133: “函数”: 从“WCHAR *”到“const char *”的类型不兼容
..\..\..\..\external\lua\luasocket\inet.c(288): warning C4133: “函数”: 从“WCHAR *”到“const char *”的类型不兼容
  tcp.c
  timeout.c
  udp.c
  wsocket.c
  tolua_event.c
  tolua_is.c
  tolua_map.c
..\..\..\..\external\lua\luasocket\udp.c(181): warning C4133: “函数”: 从“WCHAR *”到“const char *”的类型不兼容
..\..\..\..\external\lua\luasocket\udp.c(251): warning C4133: “函数”: 从“WCHAR *”到“const char *”的类型不兼容
  tolua_push.c
  tolua_to.c
  lua_extensions.c
..\..\..\..\external\lua\luasocket\wsocket.c(431): warning C4133: “return”: 从“WCHAR *”到“const char *”的类型不兼容
  xxtea.cpp
  lua_cocos2dx_3d_auto.cpp
  lua_cocos2dx_audioengine_auto.cpp
  lua_cocos2dx_auto.cpp
  lua_cocos2dx_cocosbuilder_auto.cpp
..\auto\lua_cocos2dx_3d_auto.cpp(91): warning C4083: 应输入“(”；找到标识符“NO”
..\auto\lua_cocos2dx_auto.cpp(12607): warning C4083: 应输入“(”；找到标识符“NO”
..\auto\lua_cocos2dx_auto.cpp(12649): warning C4083: 应输入“(”；找到标识符“NO”
..\auto\lua_cocos2dx_3d_auto.cpp(5118): warning C4083: 应输入“(”；找到标识符“NO”
..\auto\lua_cocos2dx_3d_auto.cpp(5514): warning C4083: 应输入“(”；找到标识符“NO”
..\auto\lua_cocos2dx_3d_auto.cpp(6149): warning C4083: 应输入“(”；找到标识符“NO”
..\auto\lua_cocos2dx_3d_auto.cpp(6247): warning C4083: 应输入“(”；找到标识符“NO”
..\auto\lua_cocos2dx_3d_auto.cpp(6298): warning C4083: 应输入“(”；找到标识符“NO”
..\auto\lua_cocos2dx_3d_auto.cpp(6352): warning C4083: 应输入“(”；找到标识符“NO”
..\auto\lua_cocos2dx_auto.cpp(19751): warning C4083: 应输入“(”；找到标识符“NO”
..\auto\lua_cocos2dx_auto.cpp(19772): warning C4083: 应输入“(”；找到标识符“NO”
..\auto\lua_cocos2dx_auto.cpp(20592): warning C4083: 应输入“(”；找到标识符“NO”
..\auto\lua_cocos2dx_auto.cpp(20643): warning C4083: 应输入“(”；找到标识符“NO”
..\auto\lua_cocos2dx_auto.cpp(26005): warning C4083: 应输入“(”；找到标识符“NO”
..\auto\lua_cocos2dx_auto.cpp(26117): warning C4083: 应输入“(”；找到标识符“NO”
..\auto\lua_cocos2dx_auto.cpp(28619): warning C4083: 应输入“(”；找到标识符“NO”
..\auto\lua_cocos2dx_auto.cpp(33156): warning C4083: 应输入“(”；找到标识符“NO”
..\auto\lua_cocos2dx_auto.cpp(79622): warning C4083: 应输入“(”；找到标识符“NO”
..\auto\lua_cocos2dx_auto.cpp(80709): warning C4083: 应输入“(”；找到标识符“NO”
..\auto\lua_cocos2dx_auto.cpp(80738): warning C4083: 应输入“(”；找到标识符“NO”
..\auto\lua_cocos2dx_auto.cpp(98013): warning C4083: 应输入“(”；找到标识符“NO”
  lua_cocos2dx_cocosdenshion_auto.cpp
e:\projects\foralive\cocos2d\cocos\scripting\lua-bindings\auto\lua_cocos2dx_3d_auto.cpp(6156): warning C4700: 使用了未初始化的局部变量“arg1”
e:\projects\foralive\cocos2d\cocos\scripting\lua-bindings\auto\lua_cocos2dx_3d_auto.cpp(6359): warning C4700: 使用了未初始化的局部变量“arg1”
  lua_cocos2dx_csloader_auto.cpp
  lua_cocos2dx_experimental_auto.cpp
e:\projects\foralive\cocos2d\cocos\scripting\lua-bindings\auto\lua_cocos2dx_auto.cpp(19755): warning C4700: 使用了未初始化的局部变量“arg2”
e:\projects\foralive\cocos2d\cocos\scripting\lua-bindings\auto\lua_cocos2dx_auto.cpp(19776): warning C4700: 使用了未初始化的局部变量“arg2”
e:\projects\foralive\cocos2d\cocos\scripting\lua-bindings\auto\lua_cocos2dx_auto.cpp(20599): warning C4700: 使用了未初始化的局部变量“arg0”
e:\projects\foralive\cocos2d\cocos\scripting\lua-bindings\auto\lua_cocos2dx_auto.cpp(20650): warning C4700: 使用了未初始化的局部变量“arg0”
e:\projects\foralive\cocos2d\cocos\scripting\lua-bindings\auto\lua_cocos2dx_auto.cpp(28626): warning C4700: 使用了未初始化的局部变量“arg1”
e:\projects\foralive\cocos2d\cocos\scripting\lua-bindings\auto\lua_cocos2dx_auto.cpp(33163): warning C4700: 使用了未初始化的局部变量“arg1”
  lua_cocos2dx_experimental_video_auto.cpp
  lua_cocos2dx_experimental_webview_auto.cpp
  lua_cocos2dx_extension_auto.cpp
  lua_cocos2dx_navmesh_auto.cpp
  lua_cocos2dx_physics3d_auto.cpp
  lua_cocos2dx_physics_auto.cpp
..\auto\lua_cocos2dx_extension_auto.cpp(15953): warning C4083: 应输入“(”；找到标识符“NO”
e:\projects\foralive\cocos2d\external\bullet\bulletcollision\broadphasecollision\btDbvtBroadphase.h(62): warning C4099: “btDbvtBroadphase”: 类型名称以前使用“class”现在使用的是“struct” (编译源文件 ..\auto\lua_cocos2dx_physics3d_auto.cpp)
  e:\projects\foralive\cocos2d\external\bullet\bulletcollision\broadphasecollision\btDbvtBroadphase.h(62): note: 参见“btDbvtBroadphase”的声明 (编译源文件 ..\auto\lua_cocos2dx_physics3d_auto.cpp)
e:\projects\foralive\cocos2d\cocos\scripting\lua-bindings\auto\lua_cocos2dx_extension_auto.cpp(15960): warning C4700: 使用了未初始化的局部变量“arg0”
  lua_cocos2dx_spine_auto.cpp
..\auto\lua_cocos2dx_navmesh_auto.cpp(522): warning C4083: 应输入“(”；找到标识符“NO”
..\auto\lua_cocos2dx_navmesh_auto.cpp(1191): warning C4083: 应输入“(”；找到标识符“NO”
..\auto\lua_cocos2dx_physics_auto.cpp(4888): warning C4083: 应输入“(”；找到标识符“NO”
..\auto\lua_cocos2dx_physics3d_auto.cpp(592): warning C4083: 应输入“(”；找到标识符“NO”
..\auto\lua_cocos2dx_physics3d_auto.cpp(647): warning C4083: 应输入“(”；找到标识符“NO”
..\auto\lua_cocos2dx_physics3d_auto.cpp(935): warning C4083: 应输入“(”；找到标识符“NO”
..\auto\lua_cocos2dx_physics3d_auto.cpp(2141): warning C4083: 应输入“(”；找到标识符“NO”
..\auto\lua_cocos2dx_physics3d_auto.cpp(5180): warning C4083: 应输入“(”；找到标识符“NO”
..\auto\lua_cocos2dx_physics3d_auto.cpp(5555): warning C4083: 应输入“(”；找到标识符“NO”
e:\projects\foralive\cocos2d\cocos\scripting\lua-bindings\auto\lua_cocos2dx_navmesh_auto.cpp(1198): warning C4700: 使用了未初始化的局部变量“arg0”
  lua_cocos2dx_studio_auto.cpp
  lua_cocos2dx_ui_auto.cpp
e:\projects\foralive\cocos2d\cocos\scripting\lua-bindings\auto\lua_cocos2dx_physics3d_auto.cpp(599): warning C4700: 使用了未初始化的局部变量“arg0”
e:\projects\foralive\cocos2d\cocos\scripting\lua-bindings\auto\lua_cocos2dx_physics3d_auto.cpp(2148): warning C4700: 使用了未初始化的局部变量“arg0”
e:\projects\foralive\cocos2d\cocos\scripting\lua-bindings\auto\lua_cocos2dx_physics3d_auto.cpp(5562): warning C4700: 使用了未初始化的局部变量“arg0”
  lua_cocos2dx_3d_manual.cpp
..\auto\lua_cocos2dx_spine_auto.cpp(181): warning C4083: 应输入“(”；找到标识符“NO”
..\auto\lua_cocos2dx_spine_auto.cpp(197): warning C4083: 应输入“(”；找到标识符“NO”
..\auto\lua_cocos2dx_spine_auto.cpp(666): warning C4083: 应输入“(”；找到标识符“NO”
..\auto\lua_cocos2dx_spine_auto.cpp(683): warning C4083: 应输入“(”；找到标识符“NO”
..\auto\lua_cocos2dx_spine_auto.cpp(846): warning C4083: 应输入“(”；找到标识符“NO”
..\auto\lua_cocos2dx_spine_auto.cpp(916): warning C4083: 应输入“(”；找到标识符“NO”
..\auto\lua_cocos2dx_spine_auto.cpp(933): warning C4083: 应输入“(”；找到标识符“NO”
..\auto\lua_cocos2dx_spine_auto.cpp(966): warning C4083: 应输入“(”；找到标识符“NO”
..\auto\lua_cocos2dx_spine_auto.cpp(982): warning C4083: 应输入“(”；找到标识符“NO”
..\auto\lua_cocos2dx_spine_auto.cpp(1017): warning C4083: 应输入“(”；找到标识符“NO”
..\auto\lua_cocos2dx_spine_auto.cpp(1037): warning C4083: 应输入“(”；找到标识符“NO”
..\auto\lua_cocos2dx_spine_auto.cpp(1228): warning C4083: 应输入“(”；找到标识符“NO”
..\auto\lua_cocos2dx_spine_auto.cpp(1286): warning C4083: 应输入“(”；找到标识符“NO”
..\auto\lua_cocos2dx_spine_auto.cpp(1344): warning C4083: 应输入“(”；找到标识符“NO”
..\auto\lua_cocos2dx_spine_auto.cpp(1456): warning C4083: 应输入“(”；找到标识符“NO”
e:\projects\foralive\cocos2d\cocos\scripting\lua-bindings\auto\lua_cocos2dx_spine_auto.cpp(188): warning C4700: 使用了未初始化的局部变量“arg0”
e:\projects\foralive\cocos2d\cocos\scripting\lua-bindings\auto\lua_cocos2dx_spine_auto.cpp(206): warning C4700: 使用了未初始化的局部变量“arg0”
e:\projects\foralive\cocos2d\cocos\scripting\lua-bindings\auto\lua_cocos2dx_spine_auto.cpp(670): warning C4700: 使用了未初始化的局部变量“arg1”
e:\projects\foralive\cocos2d\cocos\scripting\lua-bindings\auto\lua_cocos2dx_spine_auto.cpp(691): warning C4700: 使用了未初始化的局部变量“arg1”
e:\projects\foralive\cocos2d\cocos\scripting\lua-bindings\auto\lua_cocos2dx_spine_auto.cpp(919): warning C4700: 使用了未初始化的局部变量“arg1”
e:\projects\foralive\cocos2d\cocos\scripting\lua-bindings\auto\lua_cocos2dx_spine_auto.cpp(939): warning C4700: 使用了未初始化的局部变量“arg1”
e:\projects\foralive\cocos2d\cocos\scripting\lua-bindings\auto\lua_cocos2dx_spine_auto.cpp(1241): warning C4700: 使用了未初始化的局部变量“arg0”
e:\projects\foralive\cocos2d\cocos\scripting\lua-bindings\auto\lua_cocos2dx_spine_auto.cpp(970): warning C4700: 使用了未初始化的局部变量“arg0”
e:\projects\foralive\cocos2d\cocos\scripting\lua-bindings\auto\lua_cocos2dx_spine_auto.cpp(990): warning C4700: 使用了未初始化的局部变量“arg0”
e:\projects\foralive\cocos2d\cocos\scripting\lua-bindings\auto\lua_cocos2dx_spine_auto.cpp(1021): warning C4700: 使用了未初始化的局部变量“arg1”
e:\projects\foralive\cocos2d\cocos\scripting\lua-bindings\auto\lua_cocos2dx_spine_auto.cpp(1045): warning C4700: 使用了未初始化的局部变量“arg1”
e:\projects\foralive\cocos2d\cocos\scripting\lua-bindings\auto\lua_cocos2dx_spine_auto.cpp(1299): warning C4700: 使用了未初始化的局部变量“arg0”
e:\projects\foralive\cocos2d\cocos\scripting\lua-bindings\auto\lua_cocos2dx_spine_auto.cpp(1357): warning C4700: 使用了未初始化的局部变量“arg0”
e:\projects\foralive\cocos2d\cocos\scripting\lua-bindings\auto\lua_cocos2dx_spine_auto.cpp(1469): warning C4700: 使用了未初始化的局部变量“arg0”
  lua_cocos2dx_audioengine_manual.cpp
..\auto\lua_cocos2dx_ui_auto.cpp(4654): warning C4083: 应输入“(”；找到标识符“NO”
..\auto\lua_cocos2dx_ui_auto.cpp(6519): warning C4083: 应输入“(”；找到标识符“NO”
..\auto\lua_cocos2dx_ui_auto.cpp(6710): warning C4083: 应输入“(”；找到标识符“NO”
..\auto\lua_cocos2dx_ui_auto.cpp(7758): warning C4083: 应输入“(”；找到标识符“NO”
..\auto\lua_cocos2dx_ui_auto.cpp(8325): warning C4083: 应输入“(”；找到标识符“NO”
..\auto\lua_cocos2dx_ui_auto.cpp(8372): warning C4083: 应输入“(”；找到标识符“NO”
..\auto\lua_cocos2dx_ui_auto.cpp(8553): warning C4083: 应输入“(”；找到标识符“NO”
..\auto\lua_cocos2dx_ui_auto.cpp(8650): warning C4083: 应输入“(”；找到标识符“NO”
..\auto\lua_cocos2dx_ui_auto.cpp(9043): warning C4083: 应输入“(”；找到标识符“NO”
..\auto\lua_cocos2dx_ui_auto.cpp(11021): warning C4083: 应输入“(”；找到标识符“NO”
..\auto\lua_cocos2dx_ui_auto.cpp(13211): warning C4083: 应输入“(”；找到标识符“NO”
..\auto\lua_cocos2dx_ui_auto.cpp(13690): warning C4083: 应输入“(”；找到标识符“NO”
..\auto\lua_cocos2dx_ui_auto.cpp(18822): warning C4083: 应输入“(”；找到标识符“NO”
..\auto\lua_cocos2dx_ui_auto.cpp(18919): warning C4083: 应输入“(”；找到标识符“NO”
..\auto\lua_cocos2dx_ui_auto.cpp(19344): warning C4083: 应输入“(”；找到标识符“NO”
..\auto\lua_cocos2dx_ui_auto.cpp(19552): warning C4083: 应输入“(”；找到标识符“NO”
..\manual\3d\lua_cocos2dx_3d_manual.cpp(209): warning C4996: 'lua_cocos2dx_3d_Sprite3D_setBlendFunc01': 被声明为已否决
  ..\manual\3d\lua_cocos2dx_3d_manual.cpp(32): note: 参见“lua_cocos2dx_3d_Sprite3D_setBlendFunc01”的声明
..\auto\lua_cocos2dx_ui_auto.cpp(19646): warning C4083: 应输入“(”；找到标识符“NO”
..\manual\3d\lua_cocos2dx_3d_manual.cpp(1850): warning C4018: “<=”: 有符号/无符号不匹配
..\manual\3d\lua_cocos2dx_3d_manual.cpp(1869): warning C4018: “<=”: 有符号/无符号不匹配
..\auto\lua_cocos2dx_ui_auto.cpp(22467): warning C4083: 应输入“(”；找到标识符“NO”
..\auto\lua_cocos2dx_ui_auto.cpp(27947): warning C4083: 应输入“(”；找到标识符“NO”
..\auto\lua_cocos2dx_ui_auto.cpp(28092): warning C4083: 应输入“(”；找到标识符“NO”
..\auto\lua_cocos2dx_ui_auto.cpp(28487): warning C4083: 应输入“(”；找到标识符“NO”
..\auto\lua_cocos2dx_ui_auto.cpp(28648): warning C4083: 应输入“(”；找到标识符“NO”
  CCLuaBridge.cpp
  CCLuaEngine.cpp
  CCLuaStack.cpp
  CCLuaValue.cpp
  Cocos2dxLuaLoader.cpp
..\manual\CCLuaStack.cpp(855): warning C4018: “<”: 有符号/无符号不匹配
..\manual\CCLuaStack.cpp(810): warning C4996: 'cocos2d::FileUtils::getFileData': 被声明为已否决
  e:\projects\foralive\cocos2d\cocos\platform/CCFileUtils.h(111): note: 参见“cocos2d::FileUtils::getFileData”的声明
  LuaOpengl.cpp
  LuaScriptHandlerMgr.cpp
  CCComponentLua.cpp
..\manual\Cocos2dxLuaLoader.cpp(90): warning C4996: 'cocos2d::FileUtils::getFileData': 被声明为已否决
  e:\projects\foralive\cocos2d\cocos\platform/CCFileUtils.h(111): note: 参见“cocos2d::FileUtils::getFileData”的声明
..\manual\Cocos2dxLuaLoader.cpp(98): warning C4996: 'cocos2d::FileUtils::getFileData': 被声明为已否决
  e:\projects\foralive\cocos2d\cocos\platform/CCFileUtils.h(111): note: 参见“cocos2d::FileUtils::getFileData”的声明
..\manual\cocos2d\LuaOpengl.cpp(4431): warning C4996: 'cocos2d::DrawPrimitives::drawPoint': 被声明为已否决
  e:\projects\foralive\cocos2d\cocos\2d/CCDrawingPrimitives.h(100): note: 参见“cocos2d::DrawPrimitives::drawPoint”的声明
..\manual\cocos2d\LuaOpengl.cpp(4466): warning C4018: “<”: 有符号/无符号不匹配
..\manual\cocos2d\LuaOpengl.cpp(4484): warning C4996: 'cocos2d::DrawPrimitives::drawPoints': 被声明为已否决
  e:\projects\foralive\cocos2d\cocos\2d/CCDrawingPrimitives.h(108): note: 参见“cocos2d::DrawPrimitives::drawPoints”的声明
..\manual\cocos2d\LuaOpengl.cpp(4519): warning C4996: 'cocos2d::DrawPrimitives::drawLine': 被声明为已否决
  e:\projects\foralive\cocos2d\cocos\2d/CCDrawingPrimitives.h(115): note: 参见“cocos2d::DrawPrimitives::drawLine”的声明
..\manual\cocos2d\LuaOpengl.cpp(4552): warning C4996: 'cocos2d::DrawPrimitives::drawRect': 被声明为已否决
  e:\projects\foralive\cocos2d\cocos\2d/CCDrawingPrimitives.h(123): note: 参见“cocos2d::DrawPrimitives::drawRect”的声明
..\manual\cocos2d\LuaOpengl.cpp(4592): warning C4996: 'cocos2d::DrawPrimitives::drawSolidRect': 被声明为已否决
  e:\projects\foralive\cocos2d\cocos\2d/CCDrawingPrimitives.h(133): note: 参见“cocos2d::DrawPrimitives::drawSolidRect”的声明
..\manual\cocos2d\LuaOpengl.cpp(4628): warning C4018: “<”: 有符号/无符号不匹配
..\manual\cocos2d\LuaOpengl.cpp(4646): warning C4996: 'cocos2d::DrawPrimitives::drawPoly': 被声明为已否决
  e:\projects\foralive\cocos2d\cocos\2d/CCDrawingPrimitives.h(142): note: 参见“cocos2d::DrawPrimitives::drawPoly”的声明
..\manual\cocos2d\LuaOpengl.cpp(4682): warning C4018: “<”: 有符号/无符号不匹配
..\manual\cocos2d\LuaOpengl.cpp(4708): warning C4996: 'cocos2d::DrawPrimitives::drawSolidPoly': 被声明为已否决
  e:\projects\foralive\cocos2d\cocos\2d/CCDrawingPrimitives.h(150): note: 参见“cocos2d::DrawPrimitives::drawSolidPoly”的声明
..\manual\cocos2d\LuaOpengl.cpp(4752): warning C4996: 'cocos2d::DrawPrimitives::drawCircle': 被声明为已否决
  e:\projects\foralive\cocos2d\cocos\2d/CCDrawingPrimitives.h(162): note: 参见“cocos2d::DrawPrimitives::drawCircle”的声明
..\manual\cocos2d\LuaOpengl.cpp(4790): warning C4996: 'cocos2d::DrawPrimitives::drawSolidCircle': 被声明为已否决
  e:\projects\foralive\cocos2d\cocos\2d/CCDrawingPrimitives.h(183): note: 参见“cocos2d::DrawPrimitives::drawSolidCircle”的声明
..\manual\cocos2d\LuaOpengl.cpp(4832): warning C4996: 'cocos2d::DrawPrimitives::drawQuadBezier': 被声明为已否决
  e:\projects\foralive\cocos2d\cocos\2d/CCDrawingPrimitives.h(203): note: 参见“cocos2d::DrawPrimitives::drawQuadBezier”的声明
..\manual\cocos2d\LuaOpengl.cpp(4879): warning C4996: 'cocos2d::DrawPrimitives::drawCubicBezier': 被声明为已否决
  e:\projects\foralive\cocos2d\cocos\2d/CCDrawingPrimitives.h(215): note: 参见“cocos2d::DrawPrimitives::drawCubicBezier”的声明
..\manual\cocos2d\LuaOpengl.cpp(4925): warning C4996: 'cocos2d::DrawPrimitives::drawCatmullRom': 被声明为已否决
  e:\projects\foralive\cocos2d\cocos\2d/CCDrawingPrimitives.h(224): note: 参见“cocos2d::DrawPrimitives::drawCatmullRom”的声明
..\manual\cocos2d\LuaOpengl.cpp(4971): warning C4996: 'cocos2d::DrawPrimitives::drawCardinalSpline': 被声明为已否决
  e:\projects\foralive\cocos2d\cocos\2d/CCDrawingPrimitives.h(234): note: 参见“cocos2d::DrawPrimitives::drawCardinalSpline”的声明
..\manual\cocos2d\LuaOpengl.cpp(5003): warning C4996: 'cocos2d::DrawPrimitives::setDrawColor4B': 被声明为已否决
  e:\projects\foralive\cocos2d\cocos\2d/CCDrawingPrimitives.h(245): note: 参见“cocos2d::DrawPrimitives::setDrawColor4B”的声明
..\manual\cocos2d\LuaOpengl.cpp(5035): warning C4996: 'cocos2d::DrawPrimitives::setDrawColor4F': 被声明为已否决
  e:\projects\foralive\cocos2d\cocos\2d/CCDrawingPrimitives.h(256): note: 参见“cocos2d::DrawPrimitives::setDrawColor4F”的声明
..\manual\cocos2d\LuaOpengl.cpp(5061): warning C4996: 'cocos2d::DrawPrimitives::setPointSize': 被声明为已否决
  e:\projects\foralive\cocos2d\cocos\2d/CCDrawingPrimitives.h(263): note: 参见“cocos2d::DrawPrimitives::setPointSize”的声明
..\manual\cocos2d\LuaOpengl.cpp(5086): warning C4996: 'tolua_cocos2d_DrawPrimitives_drawPoint00': 被声明为已否决
  ..\manual\cocos2d\LuaOpengl.cpp(4417): note: 参见“tolua_cocos2d_DrawPrimitives_drawPoint00”的声明
..\manual\cocos2d\LuaOpengl.cpp(5087): warning C4996: 'tolua_cocos2d_DrawPrimitives_drawPoints00': 被声明为已否决
  ..\manual\cocos2d\LuaOpengl.cpp(4445): note: 参见“tolua_cocos2d_DrawPrimitives_drawPoints00”的声明
..\manual\cocos2d\LuaOpengl.cpp(5088): warning C4996: 'tolua_cocos2d_DrawPrimitives_drawLine00': 被声明为已否决
  ..\manual\cocos2d\LuaOpengl.cpp(4499): note: 参见“tolua_cocos2d_DrawPrimitives_drawLine00”的声明
..\manual\cocos2d\LuaOpengl.cpp(5089): warning C4996: 'tolua_cocos2d_DrawPrimitives_drawRect00': 被声明为已否决
  ..\manual\cocos2d\LuaOpengl.cpp(4532): note: 参见“tolua_cocos2d_DrawPrimitives_drawRect00”的声明
..\manual\cocos2d\LuaOpengl.cpp(5090): warning C4996: 'tolua_cocos2d_DrawPrimitives_drawSolidRect00': 被声明为已否决
  ..\manual\cocos2d\LuaOpengl.cpp(4565): note: 参见“tolua_cocos2d_DrawPrimitives_drawSolidRect00”的声明
..\manual\cocos2d\LuaOpengl.cpp(5091): warning C4996: 'tolua_cocos2d_DrawPrimitives_drawPoly00': 被声明为已否决
  ..\manual\cocos2d\LuaOpengl.cpp(4605): note: 参见“tolua_cocos2d_DrawPrimitives_drawPoly00”的声明
..\manual\cocos2d\LuaOpengl.cpp(5092): warning C4996: 'tolua_cocos2d_DrawPrimitives_drawSolidPoly00': 被声明为已否决
  ..\manual\cocos2d\LuaOpengl.cpp(4661): note: 参见“tolua_cocos2d_DrawPrimitives_drawSolidPoly00”的声明
..\manual\cocos2d\LuaOpengl.cpp(5093): warning C4996: 'tolua_cocos2d_DrawPrimitives_drawCircle00': 被声明为已否决
  ..\manual\cocos2d\LuaOpengl.cpp(4723): note: 参见“tolua_cocos2d_DrawPrimitives_drawCircle00”的声明
..\manual\cocos2d\LuaOpengl.cpp(5094): warning C4996: 'tolua_cocos2d_DrawPrimitives_drawSolidCircle00': 被声明为已否决
  ..\manual\cocos2d\LuaOpengl.cpp(4765): note: 参见“tolua_cocos2d_DrawPrimitives_drawSolidCircle00”的声明
..\manual\cocos2d\LuaOpengl.cpp(5095): warning C4996: 'tolua_cocos2d_DrawPrimitives_drawQuadBezier00': 被声明为已否决
  ..\manual\cocos2d\LuaOpengl.cpp(4804): note: 参见“tolua_cocos2d_DrawPrimitives_drawQuadBezier00”的声明
..\manual\cocos2d\LuaOpengl.cpp(5096): warning C4996: 'tolua_cocos2d_DrawPrimitives_drawCubicBezier00': 被声明为已否决
  ..\manual\cocos2d\LuaOpengl.cpp(4845): note: 参见“tolua_cocos2d_DrawPrimitives_drawCubicBezier00”的声明
..\manual\cocos2d\LuaOpengl.cpp(5097): warning C4996: 'tolua_cocos2d_DrawPrimitives_drawCatmullRom00': 被声明为已否决
  ..\manual\cocos2d\LuaOpengl.cpp(4892): note: 参见“tolua_cocos2d_DrawPrimitives_drawCatmullRom00”的声明
..\manual\cocos2d\LuaOpengl.cpp(5098): warning C4996: 'tolua_cocos2d_DrawPrimitives_drawCardinalSpline00': 被声明为已否决
  ..\manual\cocos2d\LuaOpengl.cpp(4938): note: 参见“tolua_cocos2d_DrawPrimitives_drawCardinalSpline00”的声明
..\manual\cocos2d\LuaOpengl.cpp(5099): warning C4996: 'tolua_cocos2d_DrawPrimitives_drawColor4B00': 被声明为已否决
  ..\manual\cocos2d\LuaOpengl.cpp(4984): note: 参见“tolua_cocos2d_DrawPrimitives_drawColor4B00”的声明
..\manual\cocos2d\LuaOpengl.cpp(5100): warning C4996: 'tolua_cocos2d_DrawPrimitives_drawColor4F00': 被声明为已否决
  ..\manual\cocos2d\LuaOpengl.cpp(5016): note: 参见“tolua_cocos2d_DrawPrimitives_drawColor4F00”的声明
..\manual\cocos2d\LuaOpengl.cpp(5101): warning C4996: 'tolua_cocos2d_DrawPrimitives_setPointSize00': 被声明为已否决
  ..\manual\cocos2d\LuaOpengl.cpp(5048): note: 参见“tolua_cocos2d_DrawPrimitives_setPointSize00”的声明
  lua_cocos2dx_deprecated.cpp
  lua_cocos2dx_experimental_manual.cpp
  lua_cocos2dx_manual.cpp
  lua_cocos2dx_physics_manual.cpp
..\manual\cocos2d\lua_cocos2dx_deprecated.cpp(1527): warning C4018: “<”: 有符号/无符号不匹配
..\manual\cocos2d\lua_cocos2dx_manual.cpp(270): warning C4018: “<=”: 有符号/无符号不匹配
..\manual\cocos2d\lua_cocos2dx_manual.cpp(419): warning C4018: “<”: 有符号/无符号不匹配
..\manual\cocos2d\lua_cocos2dx_manual.cpp(1752): warning C4018: “<=”: 有符号/无符号不匹配
..\manual\cocos2d\lua_cocos2dx_manual.cpp(2560): warning C4018: “<=”: 有符号/无符号不匹配
..\manual\cocos2d\lua_cocos2dx_manual.cpp(2955): warning C4018: “<”: 有符号/无符号不匹配
..\manual\cocos2d\lua_cocos2dx_manual.cpp(3041): warning C4018: “<”: 有符号/无符号不匹配
..\manual\cocos2d\lua_cocos2dx_manual.cpp(3120): warning C4018: “<”: 有符号/无符号不匹配
..\manual\cocos2d\lua_cocos2dx_manual.cpp(3330): warning C4018: “<”: 有符号/无符号不匹配
..\manual\cocos2d\lua_cocos2dx_manual.cpp(3370): warning C4018: “<”: 有符号/无符号不匹配
..\manual\cocos2d\lua_cocos2dx_manual.cpp(3985): warning C4018: “<=”: 有符号/无符号不匹配
..\manual\cocos2d\lua_cocos2dx_manual.cpp(4059): warning C4018: “<=”: 有符号/无符号不匹配
..\manual\cocos2d\lua_cocos2dx_manual.cpp(4134): warning C4018: “<=”: 有符号/无符号不匹配
..\manual\cocos2d\lua_cocos2dx_manual.cpp(4207): warning C4018: “<=”: 有符号/无符号不匹配
..\manual\cocos2d\lua_cocos2dx_manual.cpp(4282): warning C4018: “<=”: 有符号/无符号不匹配
..\manual\cocos2d\lua_cocos2dx_manual.cpp(5039): warning C4996: 'tolua_cocos2dx_DrawNode_setBlendFunc01': 被声明为已否决
  ..\manual\cocos2d\lua_cocos2dx_manual.cpp(3549): note: 参见“tolua_cocos2dx_DrawNode_setBlendFunc01”的声明
..\manual\cocos2d\lua_cocos2dx_manual.cpp(5226): warning C4996: 'tolua_cocos2dx_Sprite_setBlendFunc01': 被声明为已否决
  ..\manual\cocos2d\lua_cocos2dx_manual.cpp(3458): note: 参见“tolua_cocos2dx_Sprite_setBlendFunc01”的声明
..\manual\cocos2d\lua_cocos2dx_manual.cpp(5241): warning C4996: 'tolua_cocos2dx_LayerColor_setBlendFunc01': 被声明为已否决
  ..\manual\cocos2d\lua_cocos2dx_manual.cpp(3523): note: 参见“tolua_cocos2dx_LayerColor_setBlendFunc01”的声明
..\manual\cocos2d\lua_cocos2dx_manual.cpp(5267): warning C4996: 'tolua_cocos2dx_ParticleSystem_setBlendFunc01': 被声明为已否决
  ..\manual\cocos2d\lua_cocos2dx_manual.cpp(3536): note: 参见“tolua_cocos2dx_ParticleSystem_setBlendFunc01”的声明
..\manual\cocos2d\lua_cocos2dx_manual.cpp(5310): warning C4996: 'tolua_cocos2dx_SpriteBatchNode_setBlendFunc01': 被声明为已否决
  ..\manual\cocos2d\lua_cocos2dx_manual.cpp(3471): note: 参见“tolua_cocos2dx_SpriteBatchNode_setBlendFunc01”的声明
..\manual\cocos2d\lua_cocos2dx_manual.cpp(5323): warning C4996: 'tolua_cocos2dx_MotionStreak_setBlendFunc01': 被声明为已否决
  ..\manual\cocos2d\lua_cocos2dx_manual.cpp(3484): note: 参见“tolua_cocos2dx_MotionStreak_setBlendFunc01”的声明
..\manual\cocos2d\lua_cocos2dx_manual.cpp(5336): warning C4996: 'tolua_cocos2dx_AtlasNode_setBlendFunc01': 被声明为已否决
  ..\manual\cocos2d\lua_cocos2dx_manual.cpp(3497): note: 参见“tolua_cocos2dx_AtlasNode_setBlendFunc01”的声明
..\manual\cocos2d\lua_cocos2dx_manual.cpp(5349): warning C4996: 'tolua_cocos2dx_ParticleBatchNode_setBlendFunc01': 被声明为已否决
  ..\manual\cocos2d\lua_cocos2dx_manual.cpp(3510): note: 参见“tolua_cocos2dx_ParticleBatchNode_setBlendFunc01”的声明
  CCBProxy.cpp
..\manual\cocos2d\lua_cocos2dx_manual.cpp(7166): warning C4018: “<=”: 有符号/无符号不匹配
  lua_cocos2dx_cocosbuilder_manual.cpp
  lua_cocos2dx_cocosdenshion_manual.cpp
  CustomGUIReader.cpp
  lua-cocos-studio-conversions.cpp
  lua_cocos2dx_coco_studio_manual.cpp
  lua_cocos2dx_csloader_manual.cpp
  lua_cocos2dx_extension_manual.cpp
  LuaBasicConversions.cpp
..\manual\cocostudio\lua_cocos2dx_coco_studio_manual.cpp(386): warning C4996: 'cocostudio::Bone::getIgnoreMovementBoneData': 被声明为已否决
  E:\Projects\ForAlive\cocos2d\cocos\editor-support\cocostudio/CCBone.h(194): note: 参见“cocostudio::Bone::getIgnoreMovementBoneData”的声明
  lua_module_register.cpp
  lua_cocos2dx_navmesh_conversions.cpp
  lua_cocos2dx_navmesh_manual.cpp
  lua_cocos2dx_network_manual.cpp
  Lua_web_socket.cpp
  lua_xml_http_request.cpp
  lua_cocos2dx_physics3d_manual.cpp
  LuaSkeletonAnimation.cpp
  lua_cocos2dx_spine_manual.cpp
..\manual\network\lua_xml_http_request.cpp(313): warning C4102: “tolua_lerror”: 未引用的标签
..\manual\network\lua_xml_http_request.cpp(694): warning C4018: “<”: 有符号/无符号不匹配
e:\projects\foralive\cocos2d\external\bullet\bulletcollision\broadphasecollision\btDbvtBroadphase.h(62): warning C4099: “btDbvtBroadphase”: 类型名称以前使用“class”现在使用的是“struct” (编译源文件 ..\manual\physics3d\lua_cocos2dx_physics3d_manual.cpp)
  e:\projects\foralive\cocos2d\external\bullet\bulletcollision\broadphasecollision\btDbvtBroadphase.h(62): note: 参见“btDbvtBroadphase”的声明 (编译源文件 ..\manual\physics3d\lua_cocos2dx_physics3d_manual.cpp)
..\manual\spine\lua_cocos2dx_spine_manual.cpp(478): warning C4996: 'tolua_spine_SkeletoneAnimation_setBlendFunc': 被声明为已否决
  ..\manual\spine\lua_cocos2dx_spine_manual.cpp(325): note: 参见“tolua_spine_SkeletoneAnimation_setBlendFunc”的声明
  tolua_fix.cpp
  lua_cocos2dx_experimental_video_manual.cpp
  lua_cocos2dx_experimental_webview_manual.cpp
  lua_cocos2dx_ui_manual.cpp
  libluacocos2d.vcxproj -> E:\Projects\ForAlive\proj.win32\Debug.win32\libluacocos2d.lib
